{"/Users/vidushijaidka/Desktop/split-budget-tracker/src/server.ts": {"path":"/Users/vidushijaidka/Desktop/split-budget-tracker/src/server.ts","statementMap":{"0":{"start":{"line":1,"column":0},"end":{"line":1,"column":30}},"1":{"start":{"line":2,"column":0},"end":{"line":2,"column":24}},"2":{"start":{"line":3,"column":0},"end":{"line":3,"column":28}},"3":{"start":{"line":4,"column":0},"end":{"line":4,"column":24}},"4":{"start":{"line":5,"column":0},"end":{"line":5,"column":33}},"5":{"start":{"line":6,"column":0},"end":{"line":6,"column":43}},"6":{"start":{"line":7,"column":0},"end":{"line":7,"column":47}},"7":{"start":{"line":8,"column":0},"end":{"line":8,"column":33}},"8":{"start":{"line":10,"column":15},"end":{"line":10,"column":63}},"9":{"start":{"line":12,"column":25},"end":{"line":48,"column":1}},"10":{"start":{"line":13,"column":14},"end":{"line":13,"column":23}},"11":{"start":{"line":16,"column":2},"end":{"line":16,"column":20}},"12":{"start":{"line":17,"column":2},"end":{"line":17,"column":18}},"13":{"start":{"line":20,"column":2},"end":{"line":20,"column":26}},"14":{"start":{"line":21,"column":2},"end":{"line":31,"column":4}},"15":{"start":{"line":24,"column":26},"end":{"line":24,"column":87}},"16":{"start":{"line":26,"column":8},"end":{"line":26,"column":73}},"17":{"start":{"line":26,"column":59},"end":{"line":26,"column":73}},"18":{"start":{"line":27,"column":8},"end":{"line":27,"column":57}},"19":{"start":{"line":27,"column":42},"end":{"line":27,"column":57}},"20":{"start":{"line":28,"column":8},"end":{"line":28,"column":22}},"21":{"start":{"line":33,"column":2},"end":{"line":35,"column":5}},"22":{"start":{"line":34,"column":4},"end":{"line":34,"column":27}},"23":{"start":{"line":37,"column":2},"end":{"line":37,"column":66}},"24":{"start":{"line":40,"column":2},"end":{"line":45,"column":5}},"25":{"start":{"line":41,"column":19},"end":{"line":41,"column":68}},"26":{"start":{"line":42,"column":17},"end":{"line":42,"column":79}},"27":{"start":{"line":43,"column":4},"end":{"line":43,"column":44}},"28":{"start":{"line":44,"column":4},"end":{"line":44,"column":93}},"29":{"start":{"line":47,"column":2},"end":{"line":47,"column":13}},"30":{"start":{"line":12,"column":13},"end":{"line":12,"column":25}},"31":{"start":{"line":50,"column":0},"end":{"line":54,"column":1}},"32":{"start":{"line":51,"column":14},"end":{"line":51,"column":25}},"33":{"start":{"line":52,"column":15},"end":{"line":52,"column":47}},"34":{"start":{"line":53,"column":2},"end":{"line":53,"column":66}},"35":{"start":{"line":53,"column":25},"end":{"line":53,"column":64}}},"fnMap":{"0":{"name":"(anonymous_1)","decl":{"start":{"line":12,"column":25},"end":{"line":12,"column":28}},"loc":{"start":{"line":12,"column":30},"end":{"line":48,"column":1}}},"1":{"name":"(anonymous_2)","decl":{"start":{"line":24,"column":16},"end":{"line":24,"column":17}},"loc":{"start":{"line":24,"column":26},"end":{"line":24,"column":87}}},"2":{"name":"(anonymous_3)","decl":{"start":{"line":25,"column":22},"end":{"line":25,"column":32}},"loc":{"start":{"line":25,"column":40},"end":{"line":29,"column":7}}},"3":{"name":"(anonymous_4)","decl":{"start":{"line":33,"column":21},"end":{"line":33,"column":22}},"loc":{"start":{"line":33,"column":35},"end":{"line":35,"column":3}}},"4":{"name":"(anonymous_5)","decl":{"start":{"line":40,"column":10},"end":{"line":40,"column":11}},"loc":{"start":{"line":40,"column":98},"end":{"line":45,"column":3}}},"5":{"name":"(anonymous_6)","decl":{"start":{"line":53,"column":19},"end":{"line":53,"column":22}},"loc":{"start":{"line":53,"column":25},"end":{"line":53,"column":64}}}},"branchMap":{"0":{"loc":{"start":{"line":10,"column":29},"end":{"line":10,"column":60}},"type":"binary-expr","locations":[{"start":{"line":10,"column":29},"end":{"line":10,"column":50}},{"start":{"line":10,"column":54},"end":{"line":10,"column":60}}]},"1":{"loc":{"start":{"line":24,"column":26},"end":{"line":24,"column":87}},"type":"binary-expr","locations":[{"start":{"line":24,"column":26},"end":{"line":24,"column":64}},{"start":{"line":24,"column":68},"end":{"line":24,"column":87}}]},"2":{"loc":{"start":{"line":26,"column":8},"end":{"line":26,"column":73}},"type":"if","locations":[{"start":{"line":26,"column":8},"end":{"line":26,"column":73}}]},"3":{"loc":{"start":{"line":26,"column":12},"end":{"line":26,"column":57}},"type":"binary-expr","locations":[{"start":{"line":26,"column":12},"end":{"line":26,"column":33}},{"start":{"line":26,"column":37},"end":{"line":26,"column":57}}]},"4":{"loc":{"start":{"line":27,"column":8},"end":{"line":27,"column":57}},"type":"if","locations":[{"start":{"line":27,"column":8},"end":{"line":27,"column":57}}]},"5":{"loc":{"start":{"line":27,"column":12},"end":{"line":27,"column":40}},"type":"binary-expr","locations":[{"start":{"line":27,"column":12},"end":{"line":27,"column":33}},{"start":{"line":27,"column":37},"end":{"line":27,"column":40}}]},"6":{"loc":{"start":{"line":41,"column":19},"end":{"line":41,"column":68}},"type":"cond-expr","locations":[{"start":{"line":41,"column":52},"end":{"line":41,"column":62}},{"start":{"line":41,"column":65},"end":{"line":41,"column":68}}]},"7":{"loc":{"start":{"line":42,"column":17},"end":{"line":42,"column":79}},"type":"binary-expr","locations":[{"start":{"line":42,"column":17},"end":{"line":42,"column":25}},{"start":{"line":42,"column":30},"end":{"line":42,"column":78}}]},"8":{"loc":{"start":{"line":42,"column":30},"end":{"line":42,"column":78}},"type":"cond-expr","locations":[{"start":{"line":42,"column":46},"end":{"line":42,"column":62}},{"start":{"line":42,"column":65},"end":{"line":42,"column":78}}]},"9":{"loc":{"start":{"line":44,"column":54},"end":{"line":44,"column":87}},"type":"binary-expr","locations":[{"start":{"line":44,"column":54},"end":{"line":44,"column":65}},{"start":{"line":44,"column":69},"end":{"line":44,"column":87}}]},"10":{"loc":{"start":{"line":50,"column":0},"end":{"line":54,"column":1}},"type":"if","locations":[{"start":{"line":50,"column":0},"end":{"line":54,"column":1}}]},"11":{"loc":{"start":{"line":52,"column":22},"end":{"line":52,"column":46}},"type":"binary-expr","locations":[{"start":{"line":52,"column":22},"end":{"line":52,"column":38}},{"start":{"line":52,"column":42},"end":{"line":52,"column":46}}]}},"s":{"0":1,"1":1,"2":1,"3":1,"4":1,"5":1,"6":1,"7":1,"8":1,"9":1,"10":1,"11":1,"12":1,"13":1,"14":1,"15":1,"16":1,"17":0,"18":1,"19":1,"20":0,"21":1,"22":1,"23":1,"24":1,"25":0,"26":0,"27":0,"28":0,"29":1,"30":1,"31":1,"32":0,"33":0,"34":0,"35":0},"f":{"0":1,"1":1,"2":1,"3":1,"4":0,"5":0},"b":{"0":[1,1],"1":[1,1],"2":[0],"3":[1,0],"4":[1],"5":[1,1],"6":[0,0],"7":[0,0],"8":[0,0],"9":[0,0],"10":[0],"11":[0,0]}}
,"/Users/vidushijaidka/Desktop/split-budget-tracker/src/config/swagger.ts": {"path":"/Users/vidushijaidka/Desktop/split-budget-tracker/src/config/swagger.ts","statementMap":{"0":{"start":{"line":1,"column":0},"end":{"line":1,"column":41}},"1":{"start":{"line":3,"column":13},"end":{"line":49,"column":3}}},"fnMap":{},"branchMap":{"0":{"loc":{"start":{"line":16,"column":13},"end":{"line":16,"column":64}},"type":"binary-expr","locations":[{"start":{"line":16,"column":13},"end":{"line":16,"column":37}},{"start":{"line":16,"column":41},"end":{"line":16,"column":64}}]}},"s":{"0":1,"1":1},"f":{},"b":{"0":[1,1]}}
}
