{"/Users/arshinsikka/Desktop/budget-tracker/src/server.ts": {"path":"/Users/arshinsikka/Desktop/budget-tracker/src/server.ts","statementMap":{"0":{"start":{"line":1,"column":0},"end":{"line":1,"column":30}},"1":{"start":{"line":2,"column":0},"end":{"line":2,"column":24}},"2":{"start":{"line":3,"column":0},"end":{"line":3,"column":24}},"3":{"start":{"line":4,"column":0},"end":{"line":4,"column":33}},"4":{"start":{"line":5,"column":0},"end":{"line":5,"column":43}},"5":{"start":{"line":6,"column":0},"end":{"line":6,"column":47}},"6":{"start":{"line":7,"column":0},"end":{"line":7,"column":33}},"7":{"start":{"line":9,"column":15},"end":{"line":9,"column":63}},"8":{"start":{"line":11,"column":25},"end":{"line":43,"column":1}},"9":{"start":{"line":12,"column":14},"end":{"line":12,"column":23}},"10":{"start":{"line":14,"column":2},"end":{"line":14,"column":18}},"11":{"start":{"line":15,"column":2},"end":{"line":15,"column":26}},"12":{"start":{"line":16,"column":2},"end":{"line":26,"column":4}},"13":{"start":{"line":19,"column":26},"end":{"line":19,"column":87}},"14":{"start":{"line":21,"column":8},"end":{"line":21,"column":73}},"15":{"start":{"line":21,"column":59},"end":{"line":21,"column":73}},"16":{"start":{"line":22,"column":8},"end":{"line":22,"column":57}},"17":{"start":{"line":22,"column":42},"end":{"line":22,"column":57}},"18":{"start":{"line":23,"column":8},"end":{"line":23,"column":22}},"19":{"start":{"line":28,"column":2},"end":{"line":30,"column":5}},"20":{"start":{"line":29,"column":4},"end":{"line":29,"column":27}},"21":{"start":{"line":32,"column":2},"end":{"line":32,"column":66}},"22":{"start":{"line":35,"column":2},"end":{"line":40,"column":5}},"23":{"start":{"line":36,"column":19},"end":{"line":36,"column":68}},"24":{"start":{"line":37,"column":17},"end":{"line":37,"column":79}},"25":{"start":{"line":38,"column":4},"end":{"line":38,"column":44}},"26":{"start":{"line":39,"column":4},"end":{"line":39,"column":93}},"27":{"start":{"line":42,"column":2},"end":{"line":42,"column":13}},"28":{"start":{"line":11,"column":13},"end":{"line":11,"column":25}},"29":{"start":{"line":45,"column":0},"end":{"line":49,"column":1}},"30":{"start":{"line":46,"column":14},"end":{"line":46,"column":25}},"31":{"start":{"line":47,"column":15},"end":{"line":47,"column":47}},"32":{"start":{"line":48,"column":2},"end":{"line":48,"column":66}},"33":{"start":{"line":48,"column":25},"end":{"line":48,"column":64}}},"fnMap":{"0":{"name":"(anonymous_1)","decl":{"start":{"line":11,"column":25},"end":{"line":11,"column":28}},"loc":{"start":{"line":11,"column":30},"end":{"line":43,"column":1}}},"1":{"name":"(anonymous_2)","decl":{"start":{"line":19,"column":16},"end":{"line":19,"column":17}},"loc":{"start":{"line":19,"column":26},"end":{"line":19,"column":87}}},"2":{"name":"(anonymous_3)","decl":{"start":{"line":20,"column":22},"end":{"line":20,"column":32}},"loc":{"start":{"line":20,"column":40},"end":{"line":24,"column":7}}},"3":{"name":"(anonymous_4)","decl":{"start":{"line":28,"column":21},"end":{"line":28,"column":22}},"loc":{"start":{"line":28,"column":35},"end":{"line":30,"column":3}}},"4":{"name":"(anonymous_5)","decl":{"start":{"line":35,"column":10},"end":{"line":35,"column":11}},"loc":{"start":{"line":35,"column":98},"end":{"line":40,"column":3}}},"5":{"name":"(anonymous_6)","decl":{"start":{"line":48,"column":19},"end":{"line":48,"column":22}},"loc":{"start":{"line":48,"column":25},"end":{"line":48,"column":64}}}},"branchMap":{"0":{"loc":{"start":{"line":9,"column":29},"end":{"line":9,"column":60}},"type":"binary-expr","locations":[{"start":{"line":9,"column":29},"end":{"line":9,"column":50}},{"start":{"line":9,"column":54},"end":{"line":9,"column":60}}]},"1":{"loc":{"start":{"line":19,"column":26},"end":{"line":19,"column":87}},"type":"binary-expr","locations":[{"start":{"line":19,"column":26},"end":{"line":19,"column":64}},{"start":{"line":19,"column":68},"end":{"line":19,"column":87}}]},"2":{"loc":{"start":{"line":21,"column":8},"end":{"line":21,"column":73}},"type":"if","locations":[{"start":{"line":21,"column":8},"end":{"line":21,"column":73}}]},"3":{"loc":{"start":{"line":21,"column":12},"end":{"line":21,"column":57}},"type":"binary-expr","locations":[{"start":{"line":21,"column":12},"end":{"line":21,"column":33}},{"start":{"line":21,"column":37},"end":{"line":21,"column":57}}]},"4":{"loc":{"start":{"line":22,"column":8},"end":{"line":22,"column":57}},"type":"if","locations":[{"start":{"line":22,"column":8},"end":{"line":22,"column":57}}]},"5":{"loc":{"start":{"line":22,"column":12},"end":{"line":22,"column":40}},"type":"binary-expr","locations":[{"start":{"line":22,"column":12},"end":{"line":22,"column":33}},{"start":{"line":22,"column":37},"end":{"line":22,"column":40}}]},"6":{"loc":{"start":{"line":36,"column":19},"end":{"line":36,"column":68}},"type":"cond-expr","locations":[{"start":{"line":36,"column":52},"end":{"line":36,"column":62}},{"start":{"line":36,"column":65},"end":{"line":36,"column":68}}]},"7":{"loc":{"start":{"line":37,"column":17},"end":{"line":37,"column":79}},"type":"binary-expr","locations":[{"start":{"line":37,"column":17},"end":{"line":37,"column":25}},{"start":{"line":37,"column":30},"end":{"line":37,"column":78}}]},"8":{"loc":{"start":{"line":37,"column":30},"end":{"line":37,"column":78}},"type":"cond-expr","locations":[{"start":{"line":37,"column":46},"end":{"line":37,"column":62}},{"start":{"line":37,"column":65},"end":{"line":37,"column":78}}]},"9":{"loc":{"start":{"line":39,"column":54},"end":{"line":39,"column":87}},"type":"binary-expr","locations":[{"start":{"line":39,"column":54},"end":{"line":39,"column":65}},{"start":{"line":39,"column":69},"end":{"line":39,"column":87}}]},"10":{"loc":{"start":{"line":45,"column":0},"end":{"line":49,"column":1}},"type":"if","locations":[{"start":{"line":45,"column":0},"end":{"line":49,"column":1}}]},"11":{"loc":{"start":{"line":47,"column":22},"end":{"line":47,"column":46}},"type":"binary-expr","locations":[{"start":{"line":47,"column":22},"end":{"line":47,"column":38}},{"start":{"line":47,"column":42},"end":{"line":47,"column":46}}]}},"s":{"0":1,"1":1,"2":1,"3":1,"4":1,"5":1,"6":1,"7":1,"8":1,"9":1,"10":1,"11":1,"12":1,"13":1,"14":1,"15":0,"16":1,"17":1,"18":0,"19":1,"20":1,"21":1,"22":1,"23":0,"24":0,"25":0,"26":0,"27":1,"28":1,"29":1,"30":0,"31":0,"32":0,"33":0},"f":{"0":1,"1":1,"2":1,"3":1,"4":0,"5":0},"b":{"0":[1,1],"1":[1,1],"2":[0],"3":[1,0],"4":[1],"5":[1,1],"6":[0,0],"7":[0,0],"8":[0,0],"9":[0,0],"10":[0],"11":[0,0]}}
,"/Users/arshinsikka/Desktop/budget-tracker/src/config/swagger.ts": {"path":"/Users/arshinsikka/Desktop/budget-tracker/src/config/swagger.ts","statementMap":{"0":{"start":{"line":1,"column":0},"end":{"line":1,"column":41}},"1":{"start":{"line":3,"column":13},"end":{"line":13,"column":3}}},"fnMap":{},"branchMap":{},"s":{"0":1,"1":1},"f":{},"b":{}}
}
