TN:
SF:src/server.ts
FN:12,(anonymous_1)
FN:24,(anonymous_2)
FN:25,(anonymous_3)
FN:33,(anonymous_4)
FN:40,(anonymous_5)
FN:53,(anonymous_6)
FNF:6
FNH:4
FNDA:1,(anonymous_1)
FNDA:1,(anonymous_2)
FNDA:1,(anonymous_3)
FNDA:1,(anonymous_4)
FNDA:0,(anonymous_5)
FNDA:0,(anonymous_6)
DA:1,1
DA:2,1
DA:3,1
DA:4,1
DA:5,1
DA:6,1
DA:7,1
DA:8,1
DA:10,1
DA:12,1
DA:13,1
DA:16,1
DA:17,1
DA:20,1
DA:21,1
DA:24,1
DA:26,1
DA:27,1
DA:28,0
DA:33,1
DA:34,1
DA:37,1
DA:40,1
DA:41,0
DA:42,0
DA:43,0
DA:44,0
DA:47,1
DA:50,1
DA:51,0
DA:52,0
DA:53,0
LF:32
LH:24
BRDA:10,0,0,1
BRDA:10,0,1,1
BRDA:24,1,0,1
BRDA:24,1,1,1
BRDA:26,2,0,0
BRDA:26,3,0,1
BRDA:26,3,1,0
BRDA:27,4,0,1
BRDA:27,5,0,1
BRDA:27,5,1,1
BRDA:41,6,0,0
BRDA:41,6,1,0
BRDA:42,7,0,0
BRDA:42,7,1,0
BRDA:42,8,0,0
BRDA:42,8,1,0
BRDA:44,9,0,0
BRDA:44,9,1,0
BRDA:50,10,0,0
BRDA:52,11,0,0
BRDA:52,11,1,0
BRF:21
BRH:8
end_of_record
TN:
SF:src/config/swagger.ts
FNF:0
FNH:0
DA:1,1
DA:3,1
LF:2
LH:2
BRDA:16,0,0,1
BRDA:16,0,1,1
BRF:2
BRH:2
end_of_record
